app/build/intermediates/manifest_merge_blame_file/release/manifest-merger-blame-release-report.txt
1<?xml version="1.0" encoding="utf-8"?>
2<manifest xmlns:android="http://schemas.android.com/apk/res/android"
3    package="com.bersyte.noteapp"
4    android:versionCode="1"
5    android:versionName="1.0" >
6
7    <uses-sdk
8        android:minSdkVersion="23"
8-->src\main\AndroidManifest.xml
9        android:targetSdkVersion="32" />
9-->src\main\AndroidManifest.xml
10
11    <!-- Permission will be merged into the manifest of the hosting app. -->
12    <!-- Is required to launch foreground extraction service for targetSdkVersion 28+. -->
13    <uses-permission android:name="android.permission.FOREGROUND_SERVICE" />
13-->[com.google.android.play:core:1.10.3] AndroidManifest.xml:13:5-77
13-->[com.google.android.play:core:1.10.3] AndroidManifest.xml:13:22-74
14
15    <application
15-->src\main\AndroidManifest.xml:6:5-21:19
16        android:allowBackup="true"
16-->src\main\AndroidManifest.xml:7:9-35
17        android:appComponentFactory="androidx.core.app.CoreComponentFactory"
17-->[androidx.core:core:1.8.0] AndroidManifest.xml:24:18-86
18        android:extractNativeLibs="false"
19        android:icon="@mipmap/ic_launcher_foreground"
19-->src\main\AndroidManifest.xml:8:9-54
20        android:label="@string/app_name"
20-->src\main\AndroidManifest.xml:9:9-41
21        android:roundIcon="@mipmap/ic_launcher_foreground"
21-->src\main\AndroidManifest.xml:10:9-59
22        android:supportsRtl="true"
22-->src\main\AndroidManifest.xml:11:9-35
23        android:theme="@style/Theme.NoteApp" >
23-->src\main\AndroidManifest.xml:12:9-45
24        <activity
24-->src\main\AndroidManifest.xml:14:9-20:20
25            android:name="com.bersyte.noteapp.MainActivity"
25-->src\main\AndroidManifest.xml:14:19-47
26            android:exported="true" >
26-->src\main\AndroidManifest.xml:15:13-36
27            <intent-filter>
27-->src\main\AndroidManifest.xml:16:13-19:29
28                <action android:name="android.intent.action.MAIN" />
28-->src\main\AndroidManifest.xml:17:17-69
28-->src\main\AndroidManifest.xml:17:25-66
29
30                <category android:name="android.intent.category.LAUNCHER" />
30-->src\main\AndroidManifest.xml:18:17-77
30-->src\main\AndroidManifest.xml:18:27-74
31            </intent-filter>
32        </activity>
33
34        <uses-library
34-->[androidx.window:window:1.0.0] AndroidManifest.xml:25:9-27:40
35            android:name="androidx.window.extensions"
35-->[androidx.window:window:1.0.0] AndroidManifest.xml:26:13-54
36            android:required="false" />
36-->[androidx.window:window:1.0.0] AndroidManifest.xml:27:13-37
37        <uses-library
37-->[androidx.window:window:1.0.0] AndroidManifest.xml:28:9-30:40
38            android:name="androidx.window.sidecar"
38-->[androidx.window:window:1.0.0] AndroidManifest.xml:29:13-51
39            android:required="false" />
39-->[androidx.window:window:1.0.0] AndroidManifest.xml:30:13-37
40
41        <service
41-->[androidx.room:room-runtime:2.4.3] AndroidManifest.xml:25:9-28:40
42            android:name="androidx.room.MultiInstanceInvalidationService"
42-->[androidx.room:room-runtime:2.4.3] AndroidManifest.xml:26:13-74
43            android:directBootAware="true"
43-->[androidx.room:room-runtime:2.4.3] AndroidManifest.xml:27:13-43
44            android:exported="false" /> <!-- The activities will be merged into the manifest of the hosting app. -->
44-->[androidx.room:room-runtime:2.4.3] AndroidManifest.xml:28:13-37
45        <activity
45-->[com.google.android.play:core:1.10.3] AndroidManifest.xml:18:9-24:45
46            android:name="com.google.android.play.core.missingsplits.PlayCoreMissingSplitsActivity"
46-->[com.google.android.play:core:1.10.3] AndroidManifest.xml:19:13-100
47            android:enabled="false"
47-->[com.google.android.play:core:1.10.3] AndroidManifest.xml:20:13-36
48            android:exported="false"
48-->[com.google.android.play:core:1.10.3] AndroidManifest.xml:21:13-37
49            android:launchMode="singleInstance"
49-->[com.google.android.play:core:1.10.3] AndroidManifest.xml:22:13-48
50            android:process=":playcore_missing_splits_activity"
50-->[com.google.android.play:core:1.10.3] AndroidManifest.xml:23:13-64
51            android:stateNotNeeded="true" />
51-->[com.google.android.play:core:1.10.3] AndroidManifest.xml:24:13-42
52        <activity
52-->[com.google.android.play:core:1.10.3] AndroidManifest.xml:25:9-29:65
53            android:name="com.google.android.play.core.common.PlayCoreDialogWrapperActivity"
53-->[com.google.android.play:core:1.10.3] AndroidManifest.xml:26:13-93
54            android:exported="false"
54-->[com.google.android.play:core:1.10.3] AndroidManifest.xml:27:13-37
55            android:stateNotNeeded="true"
55-->[com.google.android.play:core:1.10.3] AndroidManifest.xml:28:13-42
56            android:theme="@style/Theme.PlayCore.Transparent" /> <!-- The services will be merged into the manifest of the hosting app. -->
56-->[com.google.android.play:core:1.10.3] AndroidManifest.xml:29:13-62
57        <service
57-->[com.google.android.play:core:1.10.3] AndroidManifest.xml:32:9-39:19
58            android:name="com.google.android.play.core.assetpacks.AssetPackExtractionService"
58-->[com.google.android.play:core:1.10.3] AndroidManifest.xml:33:13-94
59            android:enabled="false"
59-->[com.google.android.play:core:1.10.3] AndroidManifest.xml:34:13-36
60            android:exported="true" >
60-->[com.google.android.play:core:1.10.3] AndroidManifest.xml:35:13-36
61            <meta-data
61-->[com.google.android.play:core:1.10.3] AndroidManifest.xml:36:13-38:41
62                android:name="com.google.android.play.core.assetpacks.versionCode"
62-->[com.google.android.play:core:1.10.3] AndroidManifest.xml:37:17-83
63                android:value="11003" />
63-->[com.google.android.play:core:1.10.3] AndroidManifest.xml:38:17-38
64        </service>
65        <service
65-->[com.google.android.play:core:1.10.3] AndroidManifest.xml:40:9-43:40
66            android:name="com.google.android.play.core.assetpacks.ExtractionForegroundService"
66-->[com.google.android.play:core:1.10.3] AndroidManifest.xml:41:13-95
67            android:enabled="false"
67-->[com.google.android.play:core:1.10.3] AndroidManifest.xml:42:13-36
68            android:exported="false" />
68-->[com.google.android.play:core:1.10.3] AndroidManifest.xml:43:13-37
69    </application>
70
71</manifest>